<?xml version="1.0" encoding="UTF-8"?>
<!-- Generated by org.testng.reporters.JUnitReportReporter -->
<testsuite skipped="0" hostname="NDRT37-ATIKA" name="com.qa.crm.testcases.HomePage_test" tests="3" failures="0" timestamp="09 Mar 2018 12:11:39 GMT" time="53.344" errors="0">
  <testcase name="HomePageTitleTest" time="18.877" classname="com.qa.crm.testcases.HomePage_test"/>
  <testcase name="verifyUserNameValidity" time="18.364" classname="com.qa.crm.testcases.HomePage_test"/>
  <testcase name="verifyClickContacts" time="16.103" classname="com.qa.crm.testcases.HomePage_test"/>
</testsuite> <!-- com.qa.crm.testcases.HomePage_test -->
