<?xml version="1.0" encoding="UTF-8"?>
<!-- Generated by org.testng.reporters.JUnitReportReporter -->
<testsuite skipped="0" hostname="NDRT37-ATIKA" name="com.qa.crm.testcases.LoginPage_test" tests="3" failures="0" timestamp="09 Mar 2018 12:11:39 GMT" time="42.419" errors="0">
  <testcase name="validateTitle" time="11.590" classname="com.qa.crm.testcases.LoginPage_test"/>
  <testcase name="validatelogin" time="16.995" classname="com.qa.crm.testcases.LoginPage_test"/>
  <testcase name="validateCRMLogo" time="13.834" classname="com.qa.crm.testcases.LoginPage_test"/>
</testsuite> <!-- com.qa.crm.testcases.LoginPage_test -->
